# JRE version: OpenJDK Runtime Environment 18.9 (11.0.12+7) (build 11.0.12+7-LTS)
# Java VM: OpenJDK 64-Bit Server VM 18.9 (11.0.12+7-LTS, mixed mode, sharing, tiered, compressed oops, serial gc, linux-amd64)
Heap:
 def new generation   total 6464K, used 0K [0x00000000f0a00000, 0x00000000f1100000, 0x00000000f5c00000)
  eden space 5760K,   0% used [0x00000000f0a00000, 0x00000000f0a00000, 0x00000000f0fa0000)
  from space 704K,   0% used [0x00000000f1050000, 0x00000000f1050000, 0x00000000f1100000)
  to   space 704K,   0% used [0x00000000f0fa0000, 0x00000000f0fa0000, 0x00000000f1050000)
 tenured generation   total 14260K, used 13423K [0x00000000f5c00000, 0x00000000f69ed000, 0x0000000100000000)
   the space 14260K,  94% used [0x00000000f5c00000, 0x00000000f691bdd0, 0x00000000f691be00, 0x00000000f69ed000)
 Metaspace       used 30987K, capacity 32011K, committed 32256K, reserved 1077248K
  class space    used 3865K, capacity 4270K, committed 4352K, reserved 1048576K
GC Heap History (20 events):
Event: 8.954 GC heap after
{Heap after GC invocations=104 (full 1):
 def new generation   total 6464K, used 220K [0x00000000f0a00000, 0x00000000f1100000, 0x00000000f5c00000)
  eden space 5760K,   0% used [0x00000000f0a00000, 0x00000000f0a00000, 0x00000000f0fa0000)
  from space 704K,  31% used [0x00000000f1050000, 0x00000000f1087360, 0x00000000f1100000)
  to   space 704K,   0% used [0x00000000f0fa0000, 0x00000000f0fa0000, 0x00000000f1050000)
 tenured generation   total 14260K, used 12579K [0x00000000f5c00000, 0x00000000f69ed000, 0x0000000100000000)
   the space 14260K,  88% used [0x00000000f5c00000, 0x00000000f6848fc8, 0x00000000f6849000, 0x00000000f69ed000)
 Metaspace       used 27589K, capacity 28391K, committed 28544K, reserved 1075200K
  class space    used 3390K, capacity 3704K, committed 3712K, reserved 1048576K
}
Event: 9.096 GC heap before
{Heap before GC invocations=104 (full 1):
 def new generation   total 6464K, used 5980K [0x00000000f0a00000, 0x00000000f1100000, 0x00000000f5c00000)
  eden space 5760K, 100% used [0x00000000f0a00000, 0x00000000f0fa0000, 0x00000000f0fa0000)
  from space 704K,  31% used [0x00000000f1050000, 0x00000000f1087360, 0x00000000f1100000)
  to   space 704K,   0% used [0x00000000f0fa0000, 0x00000000f0fa0000, 0x00000000f1050000)
 tenured generation   total 14260K, used 12579K [0x00000000f5c00000, 0x00000000f69ed000, 0x0000000100000000)
   the space 14260K,  88% used [0x00000000f5c00000, 0x00000000f6848fc8, 0x00000000f6849000, 0x00000000f69ed000)
 Metaspace       used 27876K, capacity 28755K, committed 28928K, reserved 1075200K
  class space    used 3443K, capacity 3783K, committed 3840K, reserved 1048576K
}
Event: 9.098 GC heap after
{Heap after GC invocations=105 (full 1):
 def new generation   total 6464K, used 336K [0x00000000f0a00000, 0x00000000f1100000, 0x00000000f5c00000)
  eden space 5760K,   0% used [0x00000000f0a00000, 0x00000000f0a00000, 0x00000000f0fa0000)
  from space 704K,  47% used [0x00000000f0fa0000, 0x00000000f0ff4198, 0x00000000f1050000)
  to   space 704K,   0% used [0x00000000f1050000, 0x00000000f1050000, 0x00000000f1100000)
 tenured generation   total 14260K, used 12579K [0x00000000f5c00000, 0x00000000f69ed000, 0x0000000100000000)
   the space 14260K,  88% used [0x00000000f5c00000, 0x00000000f6848fc8, 0x00000000f6849000, 0x00000000f69ed000)
 Metaspace       used 27876K, capacity 28755K, committed 28928K, reserved 1075200K
  class space    used 3443K, capacity 3783K, committed 3840K, reserved 1048576K
}
Event: 9.249 GC heap before
{Heap before GC invocations=105 (full 1):
 def new generation   total 6464K, used 6096K [0x00000000f0a00000, 0x00000000f1100000, 0x00000000f5c00000)
  eden space 5760K, 100% used [0x00000000f0a00000, 0x00000000f0fa0000, 0x00000000f0fa0000)
  from space 704K,  47% used [0x00000000f0fa0000, 0x00000000f0ff4198, 0x00000000f1050000)
  to   space 704K,   0% used [0x00000000f1050000, 0x00000000f1050000, 0x00000000f1100000)
 tenured generation   total 14260K, used 12579K [0x00000000f5c00000, 0x00000000f69ed000, 0x0000000100000000)
   the space 14260K,  88% used [0x00000000f5c00000, 0x00000000f6848fc8, 0x00000000f6849000, 0x00000000f69ed000)
 Metaspace       used 28075K, capacity 28928K, committed 29184K, reserved 1075200K
  class space    used 3474K, capacity 3819K, committed 3840K, reserved 1048576K
}
Event: 9.260 GC heap after
{Heap after GC invocations=106 (full 1):
 def new generation   total 6464K, used 519K [0x00000000f0a00000, 0x00000000f1100000, 0x00000000f5c00000)
  eden space 5760K,   0% used [0x00000000f0a00000, 0x00000000f0a00000, 0x00000000f0fa0000)
  from space 704K,  73% used [0x00000000f1050000, 0x00000000f10d1ec0, 0x00000000f1100000)
  to   space 704K,   0% used [0x00000000f0fa0000, 0x00000000f0fa0000, 0x00000000f1050000)
 tenured generation   total 14260K, used 12579K [0x00000000f5c00000, 0x00000000f69ed000, 0x0000000100000000)
   the space 14260K,  88% used [0x00000000f5c00000, 0x00000000f6848fc8, 0x00000000f6849000, 0x00000000f69ed000)
 Metaspace       used 28075K, capacity 28928K, committed 29184K, reserved 1075200K
  class space    used 3474K, capacity 3819K, committed 3840K, reserved 1048576K
}
Event: 9.490 GC heap before
{Heap before GC invocations=106 (full 1):
 def new generation   total 6464K, used 6279K [0x00000000f0a00000, 0x00000000f1100000, 0x00000000f5c00000)
  eden space 5760K, 100% used [0x00000000f0a00000, 0x00000000f0fa0000, 0x00000000f0fa0000)
  from space 704K,  73% used [0x00000000f1050000, 0x00000000f10d1ec0, 0x00000000f1100000)
  to   space 704K,   0% used [0x00000000f0fa0000, 0x00000000f0fa0000, 0x00000000f1050000)
 tenured generation   total 14260K, used 12579K [0x00000000f5c00000, 0x00000000f69ed000, 0x0000000100000000)
   the space 14260K,  88% used [0x00000000f5c00000, 0x00000000f6848fc8, 0x00000000f6849000, 0x00000000f69ed000)
 Metaspace       used 28268K, capacity 29096K, committed 29312K, reserved 1075200K
  class space    used 3504K, capacity 3854K, committed 3968K, reserved 1048576K
}
Event: 9.500 GC heap after
{Heap after GC invocations=107 (full 1):
 def new generation   total 6464K, used 483K [0x00000000f0a00000, 0x00000000f1100000, 0x00000000f5c00000)
  eden space 5760K,   0% used [0x00000000f0a00000, 0x00000000f0a00000, 0x00000000f0fa0000)
  from space 704K,  68% used [0x00000000f0fa0000, 0x00000000f1018e00, 0x00000000f1050000)
  to   space 704K,   0% used [0x00000000f1050000, 0x00000000f1050000, 0x00000000f1100000)
 tenured generation   total 14260K, used 12782K [0x00000000f5c00000, 0x00000000f69ed000, 0x0000000100000000)
   the space 14260K,  89% used [0x00000000f5c00000, 0x00000000f687ba98, 0x00000000f687bc00, 0x00000000f69ed000)
 Metaspace       used 28268K, capacity 29096K, committed 29312K, reserved 1075200K
  class space    used 3504K, capacity 3854K, committed 3968K, reserved 1048576K
}
Event: 10.235 GC heap before
{Heap before GC invocations=107 (full 1):
 def new generation   total 6464K, used 6243K [0x00000000f0a00000, 0x00000000f1100000, 0x00000000f5c00000)
  eden space 5760K, 100% used [0x00000000f0a00000, 0x00000000f0fa0000, 0x00000000f0fa0000)
  from space 704K,  68% used [0x00000000f0fa0000, 0x00000000f1018e00, 0x00000000f1050000)
  to   space 704K,   0% used [0x00000000f1050000, 0x00000000f1050000, 0x00000000f1100000)
 tenured generation   total 14260K, used 12782K [0x00000000f5c00000, 0x00000000f69ed000, 0x0000000100000000)
   the space 14260K,  89% used [0x00000000f5c00000, 0x00000000f687ba98, 0x00000000f687bc00, 0x00000000f69ed000)
 Metaspace       used 28553K, capacity 29398K, committed 29568K, reserved 1075200K
  class space    used 3556K, capacity 3891K, committed 3968K, reserved 1048576K
}
Event: 10.281 GC heap after
{Heap after GC invocations=108 (full 1):
 def new generation   total 6464K, used 315K [0x00000000f0a00000, 0x00000000f1100000, 0x00000000f5c00000)
  eden space 5760K,   0% used [0x00000000f0a00000, 0x00000000f0a00000, 0x00000000f0fa0000)
  from space 704K,  44% used [0x00000000f1050000, 0x00000000f109ecc0, 0x00000000f1100000)
  to   space 704K,   0% used [0x00000000f0fa0000, 0x00000000f0fa0000, 0x00000000f1050000)
 tenured generation   total 14260K, used 13086K [0x00000000f5c00000, 0x00000000f69ed000, 0x0000000100000000)
   the space 14260K,  91% used [0x00000000f5c00000, 0x00000000f68c7b60, 0x00000000f68c7c00, 0x00000000f69ed000)
 Metaspace       used 28553K, capacity 29398K, committed 29568K, reserved 1075200K
  class space    used 3556K, capacity 3891K, committed 3968K, reserved 1048576K
}
Event: 18.063 GC heap before
{Heap before GC invocations=108 (full 1):
 def new generation   total 6464K, used 6075K [0x00000000f0a00000, 0x00000000f1100000, 0x00000000f5c00000)
  eden space 5760K, 100% used [0x00000000f0a00000, 0x00000000f0fa0000, 0x00000000f0fa0000)
  from space 704K,  44% used [0x00000000f1050000, 0x00000000f109ecc0, 0x00000000f1100000)
  to   space 704K,   0% used [0x00000000f0fa0000, 0x00000000f0fa0000, 0x00000000f1050000)
 tenured generation   total 14260K, used 13086K [0x00000000f5c00000, 0x00000000f69ed000, 0x0000000100000000)
   the space 14260K,  91% used [0x00000000f5c00000, 0x00000000f68c7b60, 0x00000000f68c7c00, 0x00000000f69ed000)
 Metaspace       used 29088K, capacity 29924K, committed 30080K, reserved 1075200K
  class space    used 3619K, capacity 3959K, committed 3968K, reserved 1048576K
}
Event: 18.112 GC heap after
{Heap after GC invocations=109 (full 1):
 def new generation   total 6464K, used 585K [0x00000000f0a00000, 0x00000000f1100000, 0x00000000f5c00000)
  eden space 5760K,   0% used [0x00000000f0a00000, 0x00000000f0a00000, 0x00000000f0fa0000)
  from space 704K,  83% used [0x00000000f0fa0000, 0x00000000f10326b0, 0x00000000f1050000)
  to   space 704K,   0% used [0x00000000f1050000, 0x00000000f1050000, 0x00000000f1100000)
 tenured generation   total 14260K, used 13086K [0x00000000f5c00000, 0x00000000f69ed000, 0x0000000100000000)
   the space 14260K,  91% used [0x00000000f5c00000, 0x00000000f68c7b60, 0x00000000f68c7c00, 0x00000000f69ed000)
 Metaspace       used 29088K, capacity 29924K, committed 30080K, reserved 1075200K
  class space    used 3619K, capacity 3959K, committed 3968K, reserved 1048576K
}
Event: 44.245 GC heap before
{Heap before GC invocations=109 (full 1):
 def new generation   total 6464K, used 6345K [0x00000000f0a00000, 0x00000000f1100000, 0x00000000f5c00000)
  eden space 5760K, 100% used [0x00000000f0a00000, 0x00000000f0fa0000, 0x00000000f0fa0000)
  from space 704K,  83% used [0x00000000f0fa0000, 0x00000000f10326b0, 0x00000000f1050000)
  to   space 704K,   0% used [0x00000000f1050000, 0x00000000f1050000, 0x00000000f1100000)
 tenured generation   total 14260K, used 13086K [0x00000000f5c00000, 0x00000000f69ed000, 0x0000000100000000)
   the space 14260K,  91% used [0x00000000f5c00000, 0x00000000f68c7b60, 0x00000000f68c7c00, 0x00000000f69ed000)
 Metaspace       used 29604K, capacity 30605K, committed 30848K, reserved 1075200K
  class space    used 3718K, capacity 4102K, committed 4224K, reserved 1048576K
}
Event: 44.389 GC heap after
{Heap after GC invocations=110 (full 1):
 def new generation   total 6464K, used 703K [0x00000000f0a00000, 0x00000000f1100000, 0x00000000f5c00000)
  eden space 5760K,   0% used [0x00000000f0a00000, 0x00000000f0a00000, 0x00000000f0fa0000)
  from space 704K,  99% used [0x00000000f1050000, 0x00000000f10ffff8, 0x00000000f1100000)
  to   space 704K,   0% used [0x00000000f0fa0000, 0x00000000f0fa0000, 0x00000000f1050000)
 tenured generation   total 14260K, used 13389K [0x00000000f5c00000, 0x00000000f69ed000, 0x0000000100000000)
   the space 14260K,  93% used [0x00000000f5c00000, 0x00000000f6913580, 0x00000000f6913600, 0x00000000f69ed000)
 Metaspace       used 29604K, capacity 30605K, committed 30848K, reserved 1075200K
  class space    used 3718K, capacity 4102K, committed 4224K, reserved 1048576K
}
Event: 110.681 GC heap before
{Heap before GC invocations=110 (full 1):
 def new generation   total 6464K, used 6463K [0x00000000f0a00000, 0x00000000f1100000, 0x00000000f5c00000)
  eden space 5760K,  99% used [0x00000000f0a00000, 0x00000000f0f9ffa0, 0x00000000f0fa0000)
  from space 704K,  99% used [0x00000000f1050000, 0x00000000f10ffff8, 0x00000000f1100000)
  to   space 704K,   0% used [0x00000000f0fa0000, 0x00000000f0fa0000, 0x00000000f1050000)
 tenured generation   total 14260K, used 13389K [0x00000000f5c00000, 0x00000000f69ed000, 0x0000000100000000)
   the space 14260K,  93% used [0x00000000f5c00000, 0x00000000f6913580, 0x00000000f6913600, 0x00000000f69ed000)
 Metaspace       used 29863K, capacity 30755K, committed 31104K, reserved 1077248K
  class space    used 3753K, capacity 4109K, committed 4224K, reserved 1048576K
}
Event: 110.921 GC heap after
{Heap after GC invocations=111 (full 1):
 def new generation   total 6464K, used 215K [0x00000000f0a00000, 0x00000000f1100000, 0x00000000f5c00000)
  eden space 5760K,   0% used [0x00000000f0a00000, 0x00000000f0a00000, 0x00000000f0fa0000)
  from space 704K,  30% used [0x00000000f0fa0000, 0x00000000f0fd5e78, 0x00000000f1050000)
  to   space 704K,   0% used [0x00000000f1050000, 0x00000000f1050000, 0x00000000f1100000)
 tenured generation   total 14260K, used 14053K [0x00000000f5c00000, 0x00000000f69ed000, 0x0000000100000000)
   the space 14260K,  98% used [0x00000000f5c00000, 0x00000000f69b97d0, 0x00000000f69b9800, 0x00000000f69ed000)
 Metaspace       used 29863K, capacity 30755K, committed 31104K, reserved 1077248K
  class space    used 3753K, capacity 4109K, committed 4224K, reserved 1048576K
}
Event: 152.308 GC heap before
{Heap before GC invocations=111 (full 1):
 def new generation   total 6464K, used 5975K [0x00000000f0a00000, 0x00000000f1100000, 0x00000000f5c00000)
  eden space 5760K,  99% used [0x00000000f0a00000, 0x00000000f0f9ffe8, 0x00000000f0fa0000)
  from space 704K,  30% used [0x00000000f0fa0000, 0x00000000f0fd5e78, 0x00000000f1050000)
  to   space 704K,   0% used [0x00000000f1050000, 0x00000000f1050000, 0x00000000f1100000)
 tenured generation   total 14260K, used 14053K [0x00000000f5c00000, 0x00000000f69ed000, 0x0000000100000000)
   the space 14260K,  98% used [0x00000000f5c00000, 0x00000000f69b97d0, 0x00000000f69b9800, 0x00000000f69ed000)
 Metaspace       used 30236K, capacity 31203K, committed 31360K, reserved 1077248K
  class space    used 3793K, capacity 4173K, committed 4224K, reserved 1048576K
}
Event: 152.317 GC heap after
{Heap after GC invocations=112 (full 1):
 def new generation   total 6464K, used 337K [0x00000000f0a00000, 0x00000000f1100000, 0x00000000f5c00000)
  eden space 5760K,   0% used [0x00000000f0a00000, 0x00000000f0a00000, 0x00000000f0fa0000)
  from space 704K,  47% used [0x00000000f1050000, 0x00000000f10a4558, 0x00000000f1100000)
  to   space 704K,   0% used [0x00000000f0fa0000, 0x00000000f0fa0000, 0x00000000f1050000)
 tenured generation   total 14260K, used 14053K [0x00000000f5c00000, 0x00000000f69ed000, 0x0000000100000000)
   the space 14260K,  98% used [0x00000000f5c00000, 0x00000000f69b97d0, 0x00000000f69b9800, 0x00000000f69ed000)
 Metaspace       used 30236K, capacity 31203K, committed 31360K, reserved 1077248K
  class space    used 3793K, capacity 4173K, committed 4224K, reserved 1048576K
}
Event: 152.426 GC heap before
{Heap before GC invocations=112 (full 1):
 def new generation   total 6464K, used 6097K [0x00000000f0a00000, 0x00000000f1100000, 0x00000000f5c00000)
  eden space 5760K, 100% used [0x00000000f0a00000, 0x00000000f0fa0000, 0x00000000f0fa0000)
  from space 704K,  47% used [0x00000000f1050000, 0x00000000f10a4558, 0x00000000f1100000)
  to   space 704K,   0% used [0x00000000f0fa0000, 0x00000000f0fa0000, 0x00000000f1050000)
 tenured generation   total 14260K, used 14053K [0x00000000f5c00000, 0x00000000f69ed000, 0x0000000100000000)
   the space 14260K,  98% used [0x00000000f5c00000, 0x00000000f69b97d0, 0x00000000f69b9800, 0x00000000f69ed000)
 Metaspace       used 30613K, capacity 31559K, committed 31616K, reserved 1077248K
  class space    used 3828K, capacity 4205K, committed 4224K, reserved 1048576K
}
Event: 152.428 GC heap after
{Heap after GC invocations=113 (full 1):
 def new generation   total 6464K, used 415K [0x00000000f0a00000, 0x00000000f1100000, 0x00000000f5c00000)
  eden space 5760K,   0% used [0x00000000f0a00000, 0x00000000f0a00000, 0x00000000f0fa0000)
  from space 704K,  58% used [0x00000000f0fa0000, 0x00000000f1007c30, 0x00000000f1050000)
  to   space 704K,   0% used [0x00000000f1050000, 0x00000000f1050000, 0x00000000f1100000)
 tenured generation   total 14260K, used 14053K [0x00000000f5c00000, 0x00000000f69ed000, 0x0000000100000000)
   the space 14260K,  98% used [0x00000000f5c00000, 0x00000000f69b97d0, 0x00000000f69b9800, 0x00000000f69ed000)
 Metaspace       used 30613K, capacity 31559K, committed 31616K, reserved 1077248K
  class space    used 3828K, capacity 4205K, committed 4224K, reserved 1048576K
}
Event: 156.016 GC heap before
{Heap before GC invocations=113 (full 1):
 def new generation   total 6464K, used 6175K [0x00000000f0a00000, 0x00000000f1100000, 0x00000000f5c00000)
  eden space 5760K, 100% used [0x00000000f0a00000, 0x00000000f0fa0000, 0x00000000f0fa0000)
  from space 704K,  58% used [0x00000000f0fa0000, 0x00000000f1007c30, 0x00000000f1050000)
  to   space 704K,   0% used [0x00000000f1050000, 0x00000000f1050000, 0x00000000f1100000)
 tenured generation   total 14260K, used 14053K [0x00000000f5c00000, 0x00000000f69ed000, 0x0000000100000000)
   the space 14260K,  98% used [0x00000000f5c00000, 0x00000000f69b97d0, 0x00000000f69b9800, 0x00000000f69ed000)
 Metaspace       used 30987K, capacity 32011K, committed 32256K, reserved 1077248K
  class space    used 3865K, capacity 4270K, committed 4352K, reserved 1048576K
}

